C:\Program Files (x86)\Microsoft Visual Studio\2019\Community\MSBuild\Microsoft\VC\v160\Microsoft.CppBuild.targets(437,5): warning MSB8004: Intermediate Directory does not end with a trailing slash.  This build instance will add the slash as it is required to allow proper evaluation of the Intermediate Directory.
  stdafx.cpp
  AnimationComponent.cpp
  Armor.cpp
  Button.cpp
  Character.cpp
  ChatBoxGUI.cpp
D:\Projects\2D-RPG\src\gui\Button.cpp(40,27): warning C4244: 'argument' : conversion de 'double' en 'T', perte possible de données
D:\Projects\2D-RPG\src\gui\Button.cpp(40,27): warning C4244:         with
D:\Projects\2D-RPG\src\gui\Button.cpp(40,27): warning C4244:         [
D:\Projects\2D-RPG\src\gui\Button.cpp(40,27): warning C4244:             T=float
D:\Projects\2D-RPG\src\gui\Button.cpp(40,27): warning C4244:         ]
D:\Projects\2D-RPG\src\components\StatisticsComponent.h(35,33): warning C4305: 'initialisation' : troncation de 'double' à 'const float'
D:\Projects\2D-RPG\src\gui\ChatBoxGUI.cpp(23,348): warning C4244: 'argument' : conversion de 'float' en 'const int', perte possible de données
D:\Projects\2D-RPG\src\gui\ChatBoxGUI.cpp(129,131): warning C4244: 'argument' : conversion de 'double' en 'T', perte possible de données
D:\Projects\2D-RPG\src\gui\ChatBoxGUI.cpp(129,131): warning C4244:         with
D:\Projects\2D-RPG\src\gui\ChatBoxGUI.cpp(129,131): warning C4244:         [
D:\Projects\2D-RPG\src\gui\ChatBoxGUI.cpp(129,131): warning C4244:             T=float
D:\Projects\2D-RPG\src\gui\ChatBoxGUI.cpp(129,131): warning C4244:         ]
D:\Projects\2D-RPG\src\gui\ChatBoxGUI.cpp(129,94): warning C4244: 'argument' : conversion de 'double' en 'T', perte possible de données
D:\Projects\2D-RPG\src\gui\ChatBoxGUI.cpp(129,94): warning C4244:         with
D:\Projects\2D-RPG\src\gui\ChatBoxGUI.cpp(129,94): warning C4244:         [
D:\Projects\2D-RPG\src\gui\ChatBoxGUI.cpp(129,94): warning C4244:             T=float
D:\Projects\2D-RPG\src\gui\ChatBoxGUI.cpp(129,94): warning C4244:         ]
D:\Projects\2D-RPG\src\gui\ChatBoxGUI.cpp(172,140): warning C4244: 'argument' : conversion de 'double' en 'T', perte possible de données
D:\Projects\2D-RPG\src\gui\ChatBoxGUI.cpp(172,140): warning C4244:         with
D:\Projects\2D-RPG\src\gui\ChatBoxGUI.cpp(172,140): warning C4244:         [
D:\Projects\2D-RPG\src\gui\ChatBoxGUI.cpp(172,140): warning C4244:             T=float
D:\Projects\2D-RPG\src\gui\ChatBoxGUI.cpp(172,140): warning C4244:         ]
D:\Projects\2D-RPG\src\gui\ChatBoxGUI.cpp(172,103): warning C4244: 'argument' : conversion de 'double' en 'T', perte possible de données
D:\Projects\2D-RPG\src\gui\ChatBoxGUI.cpp(172,103): warning C4244:         with
D:\Projects\2D-RPG\src\gui\ChatBoxGUI.cpp(172,103): warning C4244:         [
D:\Projects\2D-RPG\src\gui\ChatBoxGUI.cpp(172,103): warning C4244:             T=float
D:\Projects\2D-RPG\src\gui\ChatBoxGUI.cpp(172,103): warning C4244:         ]
  CommandComponent.cpp
D:\Projects\2D-RPG\src\gui\ChatBoxGUI.cpp(180,40): warning C4244: 'argument' : conversion de 'double' en 'unsigned int', perte possible de données
D:\Projects\2D-RPG\src\components\StatisticsComponent.h(35,33): warning C4305: 'initialisation' : troncation de 'double' à 'const float'
D:\Projects\2D-RPG\src\components\CommandComponent.cpp(30,113): warning C4244: 'argument' : conversion de 'T' en 'float', perte possible de données
D:\Projects\2D-RPG\src\components\CommandComponent.cpp(30,113): warning C4244:         with
D:\Projects\2D-RPG\src\components\CommandComponent.cpp(30,113): warning C4244:         [
D:\Projects\2D-RPG\src\components\CommandComponent.cpp(30,113): warning C4244:             T=unsigned int
D:\Projects\2D-RPG\src\components\CommandComponent.cpp(30,113): warning C4244:         ]
D:\Projects\2D-RPG\src\components\CommandComponent.cpp(30,77): warning C4244: 'argument' : conversion de 'T' en 'float', perte possible de données
D:\Projects\2D-RPG\src\components\CommandComponent.cpp(30,77): warning C4244:         with
D:\Projects\2D-RPG\src\components\CommandComponent.cpp(30,77): warning C4244:         [
D:\Projects\2D-RPG\src\components\CommandComponent.cpp(30,77): warning C4244:             T=unsigned int
D:\Projects\2D-RPG\src\components\CommandComponent.cpp(30,77): warning C4244:         ]
D:\Projects\2D-RPG\src\components\CommandComponent.cpp(35,14): warning C4244: 'initialisation' : conversion de '__int64' en 'int', perte possible de données
D:\Projects\2D-RPG\src\components\CommandComponent.cpp(57,170): warning C4244: 'argument' : conversion de 'double' en 'T', perte possible de données
D:\Projects\2D-RPG\src\components\CommandComponent.cpp(57,170): warning C4244:         with
D:\Projects\2D-RPG\src\components\CommandComponent.cpp(57,170): warning C4244:         [
D:\Projects\2D-RPG\src\components\CommandComponent.cpp(57,170): warning C4244:             T=float
D:\Projects\2D-RPG\src\components\CommandComponent.cpp(57,170): warning C4244:         ]
D:\Projects\2D-RPG\src\components\CommandComponent.cpp(57,123): warning C4244: 'argument' : conversion de 'double' en 'T', perte possible de données
D:\Projects\2D-RPG\src\components\CommandComponent.cpp(57,123): warning C4244:         with
D:\Projects\2D-RPG\src\components\CommandComponent.cpp(57,123): warning C4244:         [
D:\Projects\2D-RPG\src\components\CommandComponent.cpp(57,123): warning C4244:             T=float
D:\Projects\2D-RPG\src\components\CommandComponent.cpp(57,123): warning C4244:         ]
  EditorGUI.cpp
D:\Projects\2D-RPG\src\components\CommandComponent.cpp(65,50): warning C4244: 'argument' : conversion de 'double' en 'unsigned int', perte possible de données
  EditorState.cpp
D:\Projects\2D-RPG\src\gui\EditorGUI.cpp(9,89): warning C4244: 'argument' : conversion de 'T' en 'T', perte possible de données
D:\Projects\2D-RPG\src\gui\EditorGUI.cpp(9,89): warning C4244:         with
D:\Projects\2D-RPG\src\gui\EditorGUI.cpp(9,89): warning C4244:         [
D:\Projects\2D-RPG\src\gui\EditorGUI.cpp(9,89): warning C4244:             T=unsigned int
D:\Projects\2D-RPG\src\gui\EditorGUI.cpp(9,89): warning C4244:         ]
D:\Projects\2D-RPG\src\gui\EditorGUI.cpp(9,89): warning C4244:         and
D:\Projects\2D-RPG\src\gui\EditorGUI.cpp(9,89): warning C4244:         [
D:\Projects\2D-RPG\src\gui\EditorGUI.cpp(9,89): warning C4244:             T=float
D:\Projects\2D-RPG\src\gui\EditorGUI.cpp(9,89): warning C4244:         ]
D:\Projects\2D-RPG\src\components\StatisticsComponent.h(35,33): warning C4305: 'initialisation' : troncation de 'double' à 'const float'
D:\Projects\2D-RPG\src\states\EditorState.cpp(8,44): warning C4305: 'initialisation' : troncation de 'double' à 'float'
D:\Projects\2D-RPG\src\states\EditorState.cpp(38,20): warning C4244: 'initialisation' : conversion de 'T' en 'int', perte possible de données
D:\Projects\2D-RPG\src\states\EditorState.cpp(38,20): warning C4244:         with
D:\Projects\2D-RPG\src\states\EditorState.cpp(38,20): warning C4244:         [
D:\Projects\2D-RPG\src\states\EditorState.cpp(38,20): warning C4244:             T=float
D:\Projects\2D-RPG\src\states\EditorState.cpp(38,20): warning C4244:         ]
D:\Projects\2D-RPG\src\states\EditorState.cpp(39,17): warning C4244: 'initialisation' : conversion de 'T' en 'int', perte possible de données
D:\Projects\2D-RPG\src\states\EditorState.cpp(39,17): warning C4244:         with
D:\Projects\2D-RPG\src\states\EditorState.cpp(39,17): warning C4244:         [
D:\Projects\2D-RPG\src\states\EditorState.cpp(39,17): warning C4244:             T=float
D:\Projects\2D-RPG\src\states\EditorState.cpp(39,17): warning C4244:         ]
D:\Projects\2D-RPG\src\states\EditorState.cpp(40,20): warning C4244: 'initialisation' : conversion de 'T' en 'int', perte possible de données
D:\Projects\2D-RPG\src\states\EditorState.cpp(40,20): warning C4244:         with
D:\Projects\2D-RPG\src\states\EditorState.cpp(40,20): warning C4244:         [
D:\Projects\2D-RPG\src\states\EditorState.cpp(40,20): warning C4244:             T=float
D:\Projects\2D-RPG\src\states\EditorState.cpp(40,20): warning C4244:         ]
D:\Projects\2D-RPG\src\states\EditorState.cpp(46,114): warning C4244: 'argument' : conversion de 'int' en 'T', perte possible de données
D:\Projects\2D-RPG\src\states\EditorState.cpp(46,114): warning C4244:         with
D:\Projects\2D-RPG\src\states\EditorState.cpp(46,114): warning C4244:         [
D:\Projects\2D-RPG\src\states\EditorState.cpp(46,114): warning C4244:             T=float
D:\Projects\2D-RPG\src\states\EditorState.cpp(46,114): warning C4244:         ]
D:\Projects\2D-RPG\src\states\EditorState.cpp(46,101): warning C4244: 'argument' : conversion de 'int' en 'T', perte possible de données
D:\Projects\2D-RPG\src\states\EditorState.cpp(46,101): warning C4244:         with
D:\Projects\2D-RPG\src\states\EditorState.cpp(46,101): warning C4244:         [
D:\Projects\2D-RPG\src\states\EditorState.cpp(46,101): warning C4244:             T=float
D:\Projects\2D-RPG\src\states\EditorState.cpp(46,101): warning C4244:         ]
D:\Projects\2D-RPG\src\states\EditorState.cpp(74,44): warning C4244: 'argument' : conversion de 'int' en 'float', perte possible de données
D:\Projects\2D-RPG\src\states\EditorState.cpp(74,30): warning C4244: 'argument' : conversion de 'int' en 'float', perte possible de données
D:\Projects\2D-RPG\src\states\EditorState.cpp(160,29): warning C4244: '=' : conversion de 'float' en 'int', perte possible de données
D:\Projects\2D-RPG\src\states\EditorState.cpp(167,27): warning C4018: '<' : incompatibilité signed/unsigned
D:\Projects\2D-RPG\src\states\EditorState.cpp(169,28): warning C4018: '<' : incompatibilité signed/unsigned
D:\Projects\2D-RPG\src\states\EditorState.cpp(172,61): warning C4244: 'argument' : conversion de 'int' en 'T', perte possible de données
D:\Projects\2D-RPG\src\states\EditorState.cpp(172,61): warning C4244:         with
D:\Projects\2D-RPG\src\states\EditorState.cpp(172,61): warning C4244:         [
D:\Projects\2D-RPG\src\states\EditorState.cpp(172,61): warning C4244:             T=float
D:\Projects\2D-RPG\src\states\EditorState.cpp(172,61): warning C4244:         ]
D:\Projects\2D-RPG\src\states\EditorState.cpp(172,48): warning C4244: 'argument' : conversion de 'int' en 'T', perte possible de données
D:\Projects\2D-RPG\src\states\EditorState.cpp(172,48): warning C4244:         with
D:\Projects\2D-RPG\src\states\EditorState.cpp(172,48): warning C4244:         [
D:\Projects\2D-RPG\src\states\EditorState.cpp(172,48): warning C4244:             T=float
D:\Projects\2D-RPG\src\states\EditorState.cpp(172,48): warning C4244:         ]
D:\Projects\2D-RPG\src\states\EditorState.cpp(176,44): warning C4244: 'argument' : conversion de 'double' en 'float', perte possible de données
D:\Projects\2D-RPG\src\states\EditorState.cpp(175,62): warning C4244: 'argument' : conversion de 'double' en 'float', perte possible de données
D:\Projects\2D-RPG\src\states\EditorState.cpp(178,42): warning C4018: '>' : incompatibilité signed/unsigned
D:\Projects\2D-RPG\src\states\EditorState.cpp(189,46): warning C4244: 'argument' : conversion de 'int' en 'T', perte possible de données
D:\Projects\2D-RPG\src\states\EditorState.cpp(189,46): warning C4244:         with
D:\Projects\2D-RPG\src\states\EditorState.cpp(189,46): warning C4244:         [
D:\Projects\2D-RPG\src\states\EditorState.cpp(189,46): warning C4244:             T=float
D:\Projects\2D-RPG\src\states\EditorState.cpp(189,46): warning C4244:         ]
D:\Projects\2D-RPG\src\states\EditorState.cpp(189,33): warning C4244: 'argument' : conversion de 'int' en 'T', perte possible de données
D:\Projects\2D-RPG\src\states\EditorState.cpp(189,33): warning C4244:         with
D:\Projects\2D-RPG\src\states\EditorState.cpp(189,33): warning C4244:         [
D:\Projects\2D-RPG\src\states\EditorState.cpp(189,33): warning C4244:             T=float
D:\Projects\2D-RPG\src\states\EditorState.cpp(189,33): warning C4244:         ]
D:\Projects\2D-RPG\src\states\EditorState.cpp(197,41): warning C4244: 'argument' : conversion de 'unsigned __int64' en 'float', perte possible de données
D:\Projects\2D-RPG\src\states\EditorState.cpp(206,14): warning C4244: 'initialisation' : conversion de 'double' en 'int', perte possible de données
D:\Projects\2D-RPG\src\states\EditorState.cpp(207,14): warning C4244: 'initialisation' : conversion de 'double' en 'int', perte possible de données
D:\Projects\2D-RPG\src\states\EditorState.cpp(209,64): warning C4244: 'argument' : conversion de 'int' en 'T', perte possible de données
D:\Projects\2D-RPG\src\states\EditorState.cpp(209,64): warning C4244:         with
D:\Projects\2D-RPG\src\states\EditorState.cpp(209,64): warning C4244:         [
D:\Projects\2D-RPG\src\states\EditorState.cpp(209,64): warning C4244:             T=float
D:\Projects\2D-RPG\src\states\EditorState.cpp(209,64): warning C4244:         ]
D:\Projects\2D-RPG\src\states\EditorState.cpp(209,41): warning C4244: 'argument' : conversion de 'int' en 'T', perte possible de données
D:\Projects\2D-RPG\src\states\EditorState.cpp(209,41): warning C4244:         with
D:\Projects\2D-RPG\src\states\EditorState.cpp(209,41): warning C4244:         [
D:\Projects\2D-RPG\src\states\EditorState.cpp(209,41): warning C4244:             T=float
D:\Projects\2D-RPG\src\states\EditorState.cpp(209,41): warning C4244:         ]
D:\Projects\2D-RPG\src\states\EditorState.cpp(210,115): warning C4244: 'argument' : conversion de 'double' en 'T', perte possible de données
D:\Projects\2D-RPG\src\states\EditorState.cpp(210,115): warning C4244:         with
D:\Projects\2D-RPG\src\states\EditorState.cpp(210,115): warning C4244:         [
D:\Projects\2D-RPG\src\states\EditorState.cpp(210,115): warning C4244:             T=float
D:\Projects\2D-RPG\src\states\EditorState.cpp(210,115): warning C4244:         ]
D:\Projects\2D-RPG\src\states\EditorState.cpp(210,86): warning C4244: 'argument' : conversion de 'double' en 'T', perte possible de données
D:\Projects\2D-RPG\src\states\EditorState.cpp(210,86): warning C4244:         with
D:\Projects\2D-RPG\src\states\EditorState.cpp(210,86): warning C4244:         [
D:\Projects\2D-RPG\src\states\EditorState.cpp(210,86): warning C4244:             T=float
D:\Projects\2D-RPG\src\states\EditorState.cpp(210,86): warning C4244:         ]
D:\Projects\2D-RPG\src\states\EditorState.cpp(221,80): warning C4244: 'argument' : conversion de 'int' en 'T', perte possible de données
D:\Projects\2D-RPG\src\states\EditorState.cpp(221,80): warning C4244:         with
D:\Projects\2D-RPG\src\states\EditorState.cpp(221,80): warning C4244:         [
D:\Projects\2D-RPG\src\states\EditorState.cpp(221,80): warning C4244:             T=float
D:\Projects\2D-RPG\src\states\EditorState.cpp(221,80): warning C4244:         ]
D:\Projects\2D-RPG\src\states\EditorState.cpp(221,67): warning C4244: 'argument' : conversion de 'int' en 'T', perte possible de données
D:\Projects\2D-RPG\src\states\EditorState.cpp(221,67): warning C4244:         with
D:\Projects\2D-RPG\src\states\EditorState.cpp(221,67): warning C4244:         [
D:\Projects\2D-RPG\src\states\EditorState.cpp(221,67): warning C4244:             T=float
D:\Projects\2D-RPG\src\states\EditorState.cpp(221,67): warning C4244:         ]
D:\Projects\2D-RPG\src\states\EditorState.cpp(222,118): warning C4244: 'argument' : conversion de 'unsigned int' en 'T', perte possible de données
D:\Projects\2D-RPG\src\states\EditorState.cpp(222,118): warning C4244:         with
D:\Projects\2D-RPG\src\states\EditorState.cpp(222,118): warning C4244:         [
D:\Projects\2D-RPG\src\states\EditorState.cpp(222,118): warning C4244:             T=float
D:\Projects\2D-RPG\src\states\EditorState.cpp(222,118): warning C4244:         ]
  Entity.cpp
  Game.cpp
D:\Projects\2D-RPG\src\states\EditorState.cpp(222,98): warning C4244: 'argument' : conversion de 'unsigned int' en 'T', perte possible de données
D:\Projects\2D-RPG\src\states\EditorState.cpp(222,98): warning C4244:         with
D:\Projects\2D-RPG\src\states\EditorState.cpp(222,98): warning C4244:         [
D:\Projects\2D-RPG\src\states\EditorState.cpp(222,98): warning C4244:             T=float
D:\Projects\2D-RPG\src\states\EditorState.cpp(222,98): warning C4244:         ]
  GameState.cpp
D:\Projects\2D-RPG\src\components\StatisticsComponent.h(35,33): warning C4305: 'initialisation' : troncation de 'double' à 'const float'
D:\Projects\2D-RPG\src\components\StatisticsComponent.h(35,33): warning C4305: 'initialisation' : troncation de 'double' à 'const float'
D:\Projects\2D-RPG\src\states\GameState.cpp(40,63): warning C4244: 'argument' : conversion de 'T' en 'float', perte possible de données
D:\Projects\2D-RPG\src\states\GameState.cpp(40,63): warning C4244:         with
D:\Projects\2D-RPG\src\states\GameState.cpp(40,63): warning C4244:         [
D:\Projects\2D-RPG\src\states\GameState.cpp(40,63): warning C4244:             T=unsigned int
D:\Projects\2D-RPG\src\states\GameState.cpp(40,63): warning C4244:         ]
D:\Projects\2D-RPG\src\states\GameState.cpp(40,41): warning C4244: 'argument' : conversion de 'T' en 'float', perte possible de données
D:\Projects\2D-RPG\src\states\GameState.cpp(40,41): warning C4244:         with
D:\Projects\2D-RPG\src\states\GameState.cpp(40,41): warning C4244:         [
D:\Projects\2D-RPG\src\states\GameState.cpp(40,41): warning C4244:             T=unsigned int
D:\Projects\2D-RPG\src\states\GameState.cpp(40,41): warning C4244:         ]
D:\Projects\2D-RPG\src\states\GameState.cpp(49,60): warning C4244: 'argument' : conversion de 'int' en 'float', perte possible de données
D:\Projects\2D-RPG\src\states\GameState.cpp(49,42): warning C4244: 'argument' : conversion de 'int' en 'float', perte possible de données
D:\Projects\2D-RPG\src\states\GameState.cpp(50,99): warning C4244: 'argument' : conversion de 'T' en 'T', perte possible de données
D:\Projects\2D-RPG\src\states\GameState.cpp(50,99): warning C4244:         with
D:\Projects\2D-RPG\src\states\GameState.cpp(50,99): warning C4244:         [
D:\Projects\2D-RPG\src\states\GameState.cpp(50,99): warning C4244:             T=unsigned int
D:\Projects\2D-RPG\src\states\GameState.cpp(50,99): warning C4244:         ]
D:\Projects\2D-RPG\src\states\GameState.cpp(50,99): warning C4244:         and
D:\Projects\2D-RPG\src\states\GameState.cpp(50,99): warning C4244:         [
D:\Projects\2D-RPG\src\states\GameState.cpp(50,99): warning C4244:             T=float
D:\Projects\2D-RPG\src\states\GameState.cpp(50,99): warning C4244:         ]
D:\Projects\2D-RPG\src\states\GameState.cpp(50,50): warning C4244: 'argument' : conversion de 'T' en 'T', perte possible de données
D:\Projects\2D-RPG\src\states\GameState.cpp(50,50): warning C4244:         with
D:\Projects\2D-RPG\src\states\GameState.cpp(50,50): warning C4244:         [
D:\Projects\2D-RPG\src\states\GameState.cpp(50,50): warning C4244:             T=unsigned int
D:\Projects\2D-RPG\src\states\GameState.cpp(50,50): warning C4244:         ]
D:\Projects\2D-RPG\src\states\GameState.cpp(50,50): warning C4244:         and
D:\Projects\2D-RPG\src\states\GameState.cpp(50,50): warning C4244:         [
D:\Projects\2D-RPG\src\states\GameState.cpp(50,50): warning C4244:             T=float
D:\Projects\2D-RPG\src\states\GameState.cpp(50,50): warning C4244:         ]
D:\Projects\2D-RPG\src\states\GameState.cpp(263,19): warning C4244: 'initialisation' : conversion de 'const T' en 'int', perte possible de données
D:\Projects\2D-RPG\src\states\GameState.cpp(263,19): warning C4244:         with
D:\Projects\2D-RPG\src\states\GameState.cpp(263,19): warning C4244:         [
D:\Projects\2D-RPG\src\states\GameState.cpp(263,19): warning C4244:             T=float
D:\Projects\2D-RPG\src\states\GameState.cpp(263,19): warning C4244:         ]
D:\Projects\2D-RPG\src\states\GameState.cpp(265,61): warning C4244: '=' : conversion de 'T' en 'int', perte possible de données
D:\Projects\2D-RPG\src\states\GameState.cpp(265,61): warning C4244:         with
D:\Projects\2D-RPG\src\states\GameState.cpp(265,61): warning C4244:         [
D:\Projects\2D-RPG\src\states\GameState.cpp(265,61): warning C4244:             T=float
D:\Projects\2D-RPG\src\states\GameState.cpp(265,61): warning C4244:         ]
D:\Projects\2D-RPG\src\states\GameState.cpp(266,115): warning C4244: '=' : conversion de 'T' en 'int', perte possible de données
D:\Projects\2D-RPG\src\states\GameState.cpp(266,115): warning C4244:         with
D:\Projects\2D-RPG\src\states\GameState.cpp(266,115): warning C4244:         [
D:\Projects\2D-RPG\src\states\GameState.cpp(266,115): warning C4244:             T=float
D:\Projects\2D-RPG\src\states\GameState.cpp(266,115): warning C4244:         ]
D:\Projects\2D-RPG\src\states\GameState.cpp(267,59): warning C4244: '=' : conversion de 'T' en 'int', perte possible de données
D:\Projects\2D-RPG\src\states\GameState.cpp(267,59): warning C4244:         with
D:\Projects\2D-RPG\src\states\GameState.cpp(267,59): warning C4244:         [
D:\Projects\2D-RPG\src\states\GameState.cpp(267,59): warning C4244:             T=float
D:\Projects\2D-RPG\src\states\GameState.cpp(267,59): warning C4244:         ]
D:\Projects\2D-RPG\src\states\GameState.cpp(268,114): warning C4244: '=' : conversion de 'T' en 'int', perte possible de données
D:\Projects\2D-RPG\src\states\GameState.cpp(268,114): warning C4244:         with
D:\Projects\2D-RPG\src\states\GameState.cpp(268,114): warning C4244:         [
D:\Projects\2D-RPG\src\states\GameState.cpp(268,114): warning C4244:             T=float
D:\Projects\2D-RPG\src\states\GameState.cpp(268,114): warning C4244:         ]
D:\Projects\2D-RPG\src\states\GameState.cpp(296,43): warning C4244: 'argument' : conversion de 'int' en 'float', perte possible de données
D:\Projects\2D-RPG\src\states\GameState.cpp(300,46): warning C4244: 'argument' : conversion de 'int' en 'float', perte possible de données
D:\Projects\2D-RPG\src\states\GameState.cpp(304,69): warning C4244: 'argument' : conversion de 'int' en 'float', perte possible de données
D:\Projects\2D-RPG\src\states\GameState.cpp(308,73): warning C4244: 'argument' : conversion de 'int' en 'float', perte possible de données
D:\Projects\2D-RPG\src\states\GameState.cpp(316,72): warning C4244: 'argument' : conversion de 'long double' en 'T', perte possible de données
D:\Projects\2D-RPG\src\states\GameState.cpp(316,72): warning C4244:         with
D:\Projects\2D-RPG\src\states\GameState.cpp(316,72): warning C4244:         [
D:\Projects\2D-RPG\src\states\GameState.cpp(316,72): warning C4244:             T=float
D:\Projects\2D-RPG\src\states\GameState.cpp(316,72): warning C4244:         ]
D:\Projects\2D-RPG\src\states\GameState.cpp(316,40): warning C4244: 'argument' : conversion de 'long double' en 'T', perte possible de données
D:\Projects\2D-RPG\src\states\GameState.cpp(316,40): warning C4244:         with
D:\Projects\2D-RPG\src\states\GameState.cpp(316,40): warning C4244:         [
D:\Projects\2D-RPG\src\states\GameState.cpp(316,40): warning C4244:             T=float
D:\Projects\2D-RPG\src\states\GameState.cpp(316,40): warning C4244:         ]
D:\Projects\2D-RPG\src\states\GameState.cpp(324,130): warning C4244: 'argument' : conversion de 'T' en 'int', perte possible de données
D:\Projects\2D-RPG\src\states\GameState.cpp(324,130): warning C4244:         with
D:\Projects\2D-RPG\src\states\GameState.cpp(324,130): warning C4244:         [
D:\Projects\2D-RPG\src\states\GameState.cpp(324,130): warning C4244:             T=float
D:\Projects\2D-RPG\src\states\GameState.cpp(324,130): warning C4244:         ]
D:\Projects\2D-RPG\src\states\GameState.cpp(324,91): warning C4244: 'argument' : conversion de 'T' en 'int', perte possible de données
D:\Projects\2D-RPG\src\states\GameState.cpp(324,91): warning C4244:         with
D:\Projects\2D-RPG\src\states\GameState.cpp(324,91): warning C4244:         [
D:\Projects\2D-RPG\src\states\GameState.cpp(324,91): warning C4244:             T=float
D:\Projects\2D-RPG\src\states\GameState.cpp(324,91): warning C4244:         ]
D:\Projects\2D-RPG\src\states\GameState.cpp(325,135): warning C4244: 'argument' : conversion de 'T' en 'int', perte possible de données
D:\Projects\2D-RPG\src\states\GameState.cpp(325,135): warning C4244:         with
D:\Projects\2D-RPG\src\states\GameState.cpp(325,135): warning C4244:         [
D:\Projects\2D-RPG\src\states\GameState.cpp(325,135): warning C4244:             T=float
D:\Projects\2D-RPG\src\states\GameState.cpp(325,135): warning C4244:         ]
D:\Projects\2D-RPG\src\states\GameState.cpp(325,91): warning C4244: 'argument' : conversion de 'T' en 'int', perte possible de données
D:\Projects\2D-RPG\src\states\GameState.cpp(325,91): warning C4244:         with
D:\Projects\2D-RPG\src\states\GameState.cpp(325,91): warning C4244:         [
D:\Projects\2D-RPG\src\states\GameState.cpp(325,91): warning C4244:             T=float
D:\Projects\2D-RPG\src\states\GameState.cpp(325,91): warning C4244:         ]
D:\Projects\2D-RPG\src\states\GameState.cpp(326,134): warning C4244: 'argument' : conversion de 'T' en 'int', perte possible de données
D:\Projects\2D-RPG\src\states\GameState.cpp(326,134): warning C4244:         with
D:\Projects\2D-RPG\src\states\GameState.cpp(326,134): warning C4244:         [
D:\Projects\2D-RPG\src\states\GameState.cpp(326,134): warning C4244:             T=float
D:\Projects\2D-RPG\src\states\GameState.cpp(326,134): warning C4244:         ]
D:\Projects\2D-RPG\src\states\GameState.cpp(326,95): warning C4244: 'argument' : conversion de 'T' en 'int', perte possible de données
D:\Projects\2D-RPG\src\states\GameState.cpp(326,95): warning C4244:         with
D:\Projects\2D-RPG\src\states\GameState.cpp(326,95): warning C4244:         [
D:\Projects\2D-RPG\src\states\GameState.cpp(326,95): warning C4244:             T=float
D:\Projects\2D-RPG\src\states\GameState.cpp(326,95): warning C4244:         ]
D:\Projects\2D-RPG\src\states\GameState.cpp(330,130): warning C4244: 'argument' : conversion de 'T' en 'int', perte possible de données
D:\Projects\2D-RPG\src\states\GameState.cpp(330,130): warning C4244:         with
D:\Projects\2D-RPG\src\states\GameState.cpp(330,130): warning C4244:         [
D:\Projects\2D-RPG\src\states\GameState.cpp(330,130): warning C4244:             T=float
D:\Projects\2D-RPG\src\states\GameState.cpp(330,130): warning C4244:         ]
D:\Projects\2D-RPG\src\states\GameState.cpp(330,91): warning C4244: 'argument' : conversion de 'T' en 'int', perte possible de données
D:\Projects\2D-RPG\src\states\GameState.cpp(330,91): warning C4244:         with
D:\Projects\2D-RPG\src\states\GameState.cpp(330,91): warning C4244:         [
D:\Projects\2D-RPG\src\states\GameState.cpp(330,91): warning C4244:             T=float
D:\Projects\2D-RPG\src\states\GameState.cpp(330,91): warning C4244:         ]
D:\Projects\2D-RPG\src\states\GameState.cpp(331,146): warning C4244: 'argument' : conversion de 'T' en 'int', perte possible de données
D:\Projects\2D-RPG\src\states\GameState.cpp(331,146): warning C4244:         with
D:\Projects\2D-RPG\src\states\GameState.cpp(331,146): warning C4244:         [
D:\Projects\2D-RPG\src\states\GameState.cpp(331,146): warning C4244:             T=float
D:\Projects\2D-RPG\src\states\GameState.cpp(331,146): warning C4244:         ]
D:\Projects\2D-RPG\src\states\GameState.cpp(331,91): warning C4244: 'argument' : conversion de 'T' en 'int', perte possible de données
D:\Projects\2D-RPG\src\states\GameState.cpp(331,91): warning C4244:         with
D:\Projects\2D-RPG\src\states\GameState.cpp(331,91): warning C4244:         [
D:\Projects\2D-RPG\src\states\GameState.cpp(331,91): warning C4244:             T=float
D:\Projects\2D-RPG\src\states\GameState.cpp(331,91): warning C4244:         ]
D:\Projects\2D-RPG\src\states\GameState.cpp(332,146): warning C4244: 'argument' : conversion de 'T' en 'int', perte possible de données
D:\Projects\2D-RPG\src\states\GameState.cpp(332,146): warning C4244:         with
D:\Projects\2D-RPG\src\states\GameState.cpp(332,146): warning C4244:         [
D:\Projects\2D-RPG\src\states\GameState.cpp(332,146): warning C4244:             T=float
D:\Projects\2D-RPG\src\states\GameState.cpp(332,146): warning C4244:         ]
D:\Projects\2D-RPG\src\states\GameState.cpp(332,95): warning C4244: 'argument' : conversion de 'T' en 'int', perte possible de données
D:\Projects\2D-RPG\src\states\GameState.cpp(332,95): warning C4244:         with
D:\Projects\2D-RPG\src\states\GameState.cpp(332,95): warning C4244:         [
D:\Projects\2D-RPG\src\states\GameState.cpp(332,95): warning C4244:             T=float
D:\Projects\2D-RPG\src\states\GameState.cpp(332,95): warning C4244:         ]
D:\Projects\2D-RPG\src\states\GameState.cpp(336,104): warning C4244: 'argument' : conversion de 'const _Ty' en 'int', perte possible de données
D:\Projects\2D-RPG\src\states\GameState.cpp(336,104): warning C4244:         with
D:\Projects\2D-RPG\src\states\GameState.cpp(336,104): warning C4244:         [
D:\Projects\2D-RPG\src\states\GameState.cpp(336,104): warning C4244:             _Ty=float
D:\Projects\2D-RPG\src\states\GameState.cpp(336,104): warning C4244:         ]
D:\Projects\2D-RPG\src\states\GameState.cpp(336,91): warning C4244: 'argument' : conversion de 'T' en 'int', perte possible de données
D:\Projects\2D-RPG\src\states\GameState.cpp(336,91): warning C4244:         with
D:\Projects\2D-RPG\src\states\GameState.cpp(336,91): warning C4244:         [
D:\Projects\2D-RPG\src\states\GameState.cpp(336,91): warning C4244:             T=float
D:\Projects\2D-RPG\src\states\GameState.cpp(336,91): warning C4244:         ]
D:\Projects\2D-RPG\src\states\GameState.cpp(343,120): warning C4244: 'argument' : conversion de 'const _Ty' en 'int', perte possible de données
D:\Projects\2D-RPG\src\states\GameState.cpp(343,120): warning C4244:         with
D:\Projects\2D-RPG\src\states\GameState.cpp(343,120): warning C4244:         [
D:\Projects\2D-RPG\src\states\GameState.cpp(343,120): warning C4244:             _Ty=float
D:\Projects\2D-RPG\src\states\GameState.cpp(343,120): warning C4244:         ]
  GUI.cpp
  HitboxComponent.cpp
  Inventory.cpp
  InventoryGUI.cpp
  Item.cpp
  Main.cpp
D:\Projects\2D-RPG\src\states\GameState.cpp(343,107): warning C4244: 'argument' : conversion de 'T' en 'int', perte possible de données
D:\Projects\2D-RPG\src\states\GameState.cpp(343,107): warning C4244:         with
D:\Projects\2D-RPG\src\states\GameState.cpp(343,107): warning C4244:         [
D:\Projects\2D-RPG\src\states\GameState.cpp(343,107): warning C4244:             T=float
D:\Projects\2D-RPG\src\states\GameState.cpp(343,107): warning C4244:         ]
  Map.cpp
D:\Projects\2D-RPG\src\components\StatisticsComponent.h(35,33): warning C4305: 'initialisation' : troncation de 'double' à 'const float'
D:\Projects\2D-RPG\src\core\Map.cpp(19,28): warning C4244: 'argument' : conversion de 'int' en 'float', perte possible de données
D:\Projects\2D-RPG\src\core\Map.cpp(19,19): warning C4244: 'argument' : conversion de 'int' en 'float', perte possible de données
D:\Projects\2D-RPG\src\core\Map.cpp(47,18): warning C4018: '<' : incompatibilité signed/unsigned
  MenuGUI.cpp
D:\Projects\2D-RPG\src\core\Map.cpp(47,58): warning C4018: '<' : incompatibilité signed/unsigned
D:\Projects\2D-RPG\src\gui\MenuGUI.cpp(39,92): warning C4244: 'argument' : conversion de 'double' en 'T', perte possible de données
D:\Projects\2D-RPG\src\gui\MenuGUI.cpp(39,92): warning C4244:         with
D:\Projects\2D-RPG\src\gui\MenuGUI.cpp(39,92): warning C4244:         [
D:\Projects\2D-RPG\src\gui\MenuGUI.cpp(39,92): warning C4244:             T=float
D:\Projects\2D-RPG\src\gui\MenuGUI.cpp(39,92): warning C4244:         ]
D:\Projects\2D-RPG\src\gui\MenuGUI.cpp(44,46): warning C4244: 'argument' : conversion de 'double' en 'float', perte possible de données
  MenuState.cpp
D:\Projects\2D-RPG\src\gui\MenuGUI.cpp(62,41): warning C4244: '+=' : conversion de 'double' en 'T', perte possible de données
D:\Projects\2D-RPG\src\gui\MenuGUI.cpp(62,41): warning C4244:         with
D:\Projects\2D-RPG\src\gui\MenuGUI.cpp(62,41): warning C4244:         [
D:\Projects\2D-RPG\src\gui\MenuGUI.cpp(62,41): warning C4244:             T=float
D:\Projects\2D-RPG\src\gui\MenuGUI.cpp(62,41): warning C4244:         ]
D:\Projects\2D-RPG\src\components\StatisticsComponent.h(35,33): warning C4305: 'initialisation' : troncation de 'double' à 'const float'
D:\Projects\2D-RPG\src\states\MenuState.cpp(23,77): warning C4244: 'argument' : conversion de 'T' en 'T', perte possible de données
D:\Projects\2D-RPG\src\states\MenuState.cpp(23,77): warning C4244:         with
D:\Projects\2D-RPG\src\states\MenuState.cpp(23,77): warning C4244:         [
D:\Projects\2D-RPG\src\states\MenuState.cpp(23,77): warning C4244:             T=unsigned int
D:\Projects\2D-RPG\src\states\MenuState.cpp(23,77): warning C4244:         ]
D:\Projects\2D-RPG\src\states\MenuState.cpp(23,77): warning C4244:         and
D:\Projects\2D-RPG\src\states\MenuState.cpp(23,77): warning C4244:         [
D:\Projects\2D-RPG\src\states\MenuState.cpp(23,77): warning C4244:             T=float
D:\Projects\2D-RPG\src\states\MenuState.cpp(23,77): warning C4244:         ]
D:\Projects\2D-RPG\src\states\MenuState.cpp(23,54): warning C4244: 'argument' : conversion de 'T' en 'T', perte possible de données
D:\Projects\2D-RPG\src\states\MenuState.cpp(23,54): warning C4244:         with
D:\Projects\2D-RPG\src\states\MenuState.cpp(23,54): warning C4244:         [
D:\Projects\2D-RPG\src\states\MenuState.cpp(23,54): warning C4244:             T=unsigned int
D:\Projects\2D-RPG\src\states\MenuState.cpp(23,54): warning C4244:         ]
D:\Projects\2D-RPG\src\states\MenuState.cpp(23,54): warning C4244:         and
D:\Projects\2D-RPG\src\states\MenuState.cpp(23,54): warning C4244:         [
D:\Projects\2D-RPG\src\states\MenuState.cpp(23,54): warning C4244:             T=float
D:\Projects\2D-RPG\src\states\MenuState.cpp(23,54): warning C4244:         ]
D:\Projects\2D-RPG\src\states\MenuState.cpp(24,49): warning C4244: 'argument' : conversion de 'T' en 'float', perte possible de données
D:\Projects\2D-RPG\src\states\MenuState.cpp(24,49): warning C4244:         with
D:\Projects\2D-RPG\src\states\MenuState.cpp(24,49): warning C4244:         [
D:\Projects\2D-RPG\src\states\MenuState.cpp(24,49): warning C4244:             T=unsigned int
D:\Projects\2D-RPG\src\states\MenuState.cpp(24,49): warning C4244:         ]
D:\Projects\2D-RPG\src\states\MenuState.cpp(42,90): warning C4244: 'argument' : conversion de 'double' en 'T', perte possible de données
D:\Projects\2D-RPG\src\states\MenuState.cpp(42,90): warning C4244:         with
D:\Projects\2D-RPG\src\states\MenuState.cpp(42,90): warning C4244:         [
D:\Projects\2D-RPG\src\states\MenuState.cpp(42,90): warning C4244:             T=float
D:\Projects\2D-RPG\src\states\MenuState.cpp(42,90): warning C4244:         ]
D:\Projects\2D-RPG\src\states\MenuState.cpp(42,61): warning C4244: 'argument' : conversion de 'double' en 'T', perte possible de données
D:\Projects\2D-RPG\src\states\MenuState.cpp(42,61): warning C4244:         with
D:\Projects\2D-RPG\src\states\MenuState.cpp(42,61): warning C4244:         [
D:\Projects\2D-RPG\src\states\MenuState.cpp(42,61): warning C4244:             T=float
D:\Projects\2D-RPG\src\states\MenuState.cpp(42,61): warning C4244:         ]
D:\Projects\2D-RPG\src\states\MenuState.cpp(140,86): warning C4267: '=' : conversion de 'size_t' en '_Ty2', perte possible de données
D:\Projects\2D-RPG\src\states\MenuState.cpp(140,86): warning C4267:         with
D:\Projects\2D-RPG\src\states\MenuState.cpp(140,86): warning C4267:         [
D:\Projects\2D-RPG\src\states\MenuState.cpp(140,86): warning C4267:             _Ty2=int
D:\Projects\2D-RPG\src\states\MenuState.cpp(140,86): warning C4267:         ]
D:\Projects\2D-RPG\src\states\MenuState.cpp(147,15): warning C4244: 'initialisation' : conversion de 'unsigned __int64' en 'float', perte possible de données
D:\Projects\2D-RPG\src\states\MenuState.cpp(158,40): warning C4244: '=' : conversion de 'float' en '_Ty2', perte possible de données
D:\Projects\2D-RPG\src\states\MenuState.cpp(158,40): warning C4244:         with
D:\Projects\2D-RPG\src\states\MenuState.cpp(158,40): warning C4244:         [
D:\Projects\2D-RPG\src\states\MenuState.cpp(158,40): warning C4244:             _Ty2=int
D:\Projects\2D-RPG\src\states\MenuState.cpp(158,40): warning C4244:         ]
D:\Projects\2D-RPG\src\states\MenuState.cpp(164,15): warning C4244: 'initialisation' : conversion de 'unsigned __int64' en 'float', perte possible de données
D:\Projects\2D-RPG\src\states\MenuState.cpp(174,40): warning C4244: '=' : conversion de 'float' en '_Ty2', perte possible de données
D:\Projects\2D-RPG\src\states\MenuState.cpp(174,40): warning C4244:         with
D:\Projects\2D-RPG\src\states\MenuState.cpp(174,40): warning C4244:         [
D:\Projects\2D-RPG\src\states\MenuState.cpp(174,40): warning C4244:             _Ty2=int
D:\Projects\2D-RPG\src\states\MenuState.cpp(174,40): warning C4244:         ]
D:\Projects\2D-RPG\src\states\MenuState.cpp(360,65): warning C4244: 'argument' : conversion de 'double' en 'T', perte possible de données
D:\Projects\2D-RPG\src\states\MenuState.cpp(360,65): warning C4244:         with
D:\Projects\2D-RPG\src\states\MenuState.cpp(360,65): warning C4244:         [
D:\Projects\2D-RPG\src\states\MenuState.cpp(360,65): warning C4244:             T=float
D:\Projects\2D-RPG\src\states\MenuState.cpp(360,65): warning C4244:         ]
D:\Projects\2D-RPG\src\states\MenuState.cpp(367,111): warning C4305: 'argument' : troncation de 'double' à 'const float'
D:\Projects\2D-RPG\src\states\MenuState.cpp(375,67): warning C4244: 'argument' : conversion de 'double' en 'T', perte possible de données
D:\Projects\2D-RPG\src\states\MenuState.cpp(375,67): warning C4244:         with
D:\Projects\2D-RPG\src\states\MenuState.cpp(375,67): warning C4244:         [
D:\Projects\2D-RPG\src\states\MenuState.cpp(375,67): warning C4244:             T=float
D:\Projects\2D-RPG\src\states\MenuState.cpp(375,67): warning C4244:         ]
D:\Projects\2D-RPG\src\states\MenuState.cpp(379,113): warning C4305: 'argument' : troncation de 'double' à 'const float'
D:\Projects\2D-RPG\src\states\MenuState.cpp(410,17): warning C4244: 'initialisation' : conversion de 'T' en 'float', perte possible de données
D:\Projects\2D-RPG\src\states\MenuState.cpp(410,17): warning C4244:         with
D:\Projects\2D-RPG\src\states\MenuState.cpp(410,17): warning C4244:         [
D:\Projects\2D-RPG\src\states\MenuState.cpp(410,17): warning C4244:             T=unsigned int
D:\Projects\2D-RPG\src\states\MenuState.cpp(410,17): warning C4244:         ]
D:\Projects\2D-RPG\src\states\MenuState.cpp(410,50): warning C4244: 'initialisation' : conversion de 'T' en 'float', perte possible de données
D:\Projects\2D-RPG\src\states\MenuState.cpp(410,50): warning C4244:         with
D:\Projects\2D-RPG\src\states\MenuState.cpp(410,50): warning C4244:         [
D:\Projects\2D-RPG\src\states\MenuState.cpp(410,50): warning C4244:             T=unsigned int
D:\Projects\2D-RPG\src\states\MenuState.cpp(410,50): warning C4244:         ]
D:\Projects\2D-RPG\src\states\MenuState.cpp(504,94): warning C4244: 'argument' : conversion de 'float' en 'const int', perte possible de données
D:\Projects\2D-RPG\src\states\MenuState.cpp(507,107): warning C4244: 'argument' : conversion de 'float' en 'const int', perte possible de données
D:\Projects\2D-RPG\src\states\MenuState.cpp(532,17): warning C4244: 'initialisation' : conversion de 'T' en 'float', perte possible de données
D:\Projects\2D-RPG\src\states\MenuState.cpp(532,17): warning C4244:         with
D:\Projects\2D-RPG\src\states\MenuState.cpp(532,17): warning C4244:         [
D:\Projects\2D-RPG\src\states\MenuState.cpp(532,17): warning C4244:             T=unsigned int
D:\Projects\2D-RPG\src\states\MenuState.cpp(532,17): warning C4244:         ]
D:\Projects\2D-RPG\src\states\MenuState.cpp(532,50): warning C4244: 'initialisation' : conversion de 'T' en 'float', perte possible de données
D:\Projects\2D-RPG\src\states\MenuState.cpp(532,50): warning C4244:         with
D:\Projects\2D-RPG\src\states\MenuState.cpp(532,50): warning C4244:         [
D:\Projects\2D-RPG\src\states\MenuState.cpp(532,50): warning C4244:             T=unsigned int
D:\Projects\2D-RPG\src\states\MenuState.cpp(532,50): warning C4244:         ]
D:\Projects\2D-RPG\src\states\MenuState.cpp(564,38): warning C4244: '=' : conversion de 'double' en 'float', perte possible de données
D:\Projects\2D-RPG\src\states\MenuState.cpp(568,28): warning C4244: 'argument' : conversion de 'float' en 'unsigned int', perte possible de données
D:\Projects\2D-RPG\src\states\MenuState.cpp(588,39): warning C4244: 'argument' : conversion de 'int' en 'float', perte possible de données
  Compilation en cours...
  MiniMapGUI.cpp
D:\Projects\2D-RPG\src\states\MenuState.cpp(588,23): warning C4244: 'argument' : conversion de 'int' en 'float', perte possible de données
D:\Projects\2D-RPG\src\components\StatisticsComponent.h(35,33): warning C4305: 'initialisation' : troncation de 'double' à 'const float'
D:\Projects\2D-RPG\src\gui\MiniMapGUI.cpp(7,39): warning C4305: 'initialisation' : troncation de 'double' à 'float'
D:\Projects\2D-RPG\src\gui\MiniMapGUI.cpp(14,58): warning C4244: '=' : conversion de 'double' en 'float', perte possible de données
D:\Projects\2D-RPG\src\gui\MiniMapGUI.cpp(24,68): warning C4244: 'argument' : conversion de 'double' en 'T', perte possible de données
D:\Projects\2D-RPG\src\gui\MiniMapGUI.cpp(24,68): warning C4244:         with
D:\Projects\2D-RPG\src\gui\MiniMapGUI.cpp(24,68): warning C4244:         [
D:\Projects\2D-RPG\src\gui\MiniMapGUI.cpp(24,68): warning C4244:             T=float
D:\Projects\2D-RPG\src\gui\MiniMapGUI.cpp(24,68): warning C4244:         ]
D:\Projects\2D-RPG\src\gui\MiniMapGUI.cpp(24,39): warning C4244: 'argument' : conversion de 'double' en 'T', perte possible de données
D:\Projects\2D-RPG\src\gui\MiniMapGUI.cpp(24,39): warning C4244:         with
D:\Projects\2D-RPG\src\gui\MiniMapGUI.cpp(24,39): warning C4244:         [
D:\Projects\2D-RPG\src\gui\MiniMapGUI.cpp(24,39): warning C4244:             T=float
D:\Projects\2D-RPG\src\gui\MiniMapGUI.cpp(24,39): warning C4244:         ]
D:\Projects\2D-RPG\src\gui\MiniMapGUI.cpp(33,86): warning C4244: 'argument' : conversion de 'const T' en 'T', perte possible de données
D:\Projects\2D-RPG\src\gui\MiniMapGUI.cpp(33,86): warning C4244:         with
D:\Projects\2D-RPG\src\gui\MiniMapGUI.cpp(33,86): warning C4244:         [
D:\Projects\2D-RPG\src\gui\MiniMapGUI.cpp(33,86): warning C4244:             T=float
D:\Projects\2D-RPG\src\gui\MiniMapGUI.cpp(33,86): warning C4244:         ]
D:\Projects\2D-RPG\src\gui\MiniMapGUI.cpp(33,86): warning C4244:         and
D:\Projects\2D-RPG\src\gui\MiniMapGUI.cpp(33,86): warning C4244:         [
D:\Projects\2D-RPG\src\gui\MiniMapGUI.cpp(33,86): warning C4244:             T=int
D:\Projects\2D-RPG\src\gui\MiniMapGUI.cpp(33,86): warning C4244:         ]
D:\Projects\2D-RPG\src\gui\MiniMapGUI.cpp(33,62): warning C4244: 'argument' : conversion de 'const T' en 'T', perte possible de données
D:\Projects\2D-RPG\src\gui\MiniMapGUI.cpp(33,62): warning C4244:         with
D:\Projects\2D-RPG\src\gui\MiniMapGUI.cpp(33,62): warning C4244:         [
D:\Projects\2D-RPG\src\gui\MiniMapGUI.cpp(33,62): warning C4244:             T=float
D:\Projects\2D-RPG\src\gui\MiniMapGUI.cpp(33,62): warning C4244:         ]
D:\Projects\2D-RPG\src\gui\MiniMapGUI.cpp(33,62): warning C4244:         and
D:\Projects\2D-RPG\src\gui\MiniMapGUI.cpp(33,62): warning C4244:         [
D:\Projects\2D-RPG\src\gui\MiniMapGUI.cpp(33,62): warning C4244:             T=int
D:\Projects\2D-RPG\src\gui\MiniMapGUI.cpp(33,62): warning C4244:         ]
D:\Projects\2D-RPG\src\gui\MiniMapGUI.cpp(75,86): warning C4244: 'argument' : conversion de 'T' en 'T', perte possible de données
D:\Projects\2D-RPG\src\gui\MiniMapGUI.cpp(75,86): warning C4244:         with
D:\Projects\2D-RPG\src\gui\MiniMapGUI.cpp(75,86): warning C4244:         [
D:\Projects\2D-RPG\src\gui\MiniMapGUI.cpp(75,86): warning C4244:             T=float
D:\Projects\2D-RPG\src\gui\MiniMapGUI.cpp(75,86): warning C4244:         ]
D:\Projects\2D-RPG\src\gui\MiniMapGUI.cpp(75,86): warning C4244:         and
D:\Projects\2D-RPG\src\gui\MiniMapGUI.cpp(75,86): warning C4244:         [
D:\Projects\2D-RPG\src\gui\MiniMapGUI.cpp(75,86): warning C4244:             T=int
D:\Projects\2D-RPG\src\gui\MiniMapGUI.cpp(75,86): warning C4244:         ]
  MovementComponent.cpp
  MusicComponent.cpp
  Player.cpp
D:\Projects\2D-RPG\src\gui\MiniMapGUI.cpp(74,110): warning C4244: 'argument' : conversion de 'T' en 'T', perte possible de données
D:\Projects\2D-RPG\src\gui\MiniMapGUI.cpp(74,110): warning C4244:         with
D:\Projects\2D-RPG\src\gui\MiniMapGUI.cpp(74,110): warning C4244:         [
D:\Projects\2D-RPG\src\gui\MiniMapGUI.cpp(74,110): warning C4244:             T=float
D:\Projects\2D-RPG\src\gui\MiniMapGUI.cpp(74,110): warning C4244:         ]
D:\Projects\2D-RPG\src\gui\MiniMapGUI.cpp(74,110): warning C4244:         and
D:\Projects\2D-RPG\src\gui\MiniMapGUI.cpp(74,110): warning C4244:         [
D:\Projects\2D-RPG\src\gui\MiniMapGUI.cpp(74,110): warning C4244:             T=int
D:\Projects\2D-RPG\src\gui\MiniMapGUI.cpp(74,110): warning C4244:         ]
D:\Projects\2D-RPG\src\components\StatisticsComponent.h(35,33): warning C4305: 'initialisation' : troncation de 'double' à 'const float'
D:\Projects\2D-RPG\src\entities\Player.cpp(17,35): warning C4244: 'argument' : conversion de 'int' en 'float', perte possible de données
D:\Projects\2D-RPG\src\entities\Player.cpp(17,21): warning C4244: 'argument' : conversion de 'int' en 'float', perte possible de données
D:\Projects\2D-RPG\src\entities\Player.cpp(24,41): warning C4305: 'argument' : troncation de 'double' à 'const float'
D:\Projects\2D-RPG\src\entities\Player.cpp(51,46): warning C4305: 'argument' : troncation de 'double' à 'const float'
D:\Projects\2D-RPG\src\entities\Player.cpp(54,47): warning C4305: 'argument' : troncation de 'double' à 'const float'
D:\Projects\2D-RPG\src\entities\Player.cpp(57,44): warning C4305: 'argument' : troncation de 'double' à 'const float'
  PlayerGUI.cpp
D:\Projects\2D-RPG\src\entities\Player.cpp(60,46): warning C4305: 'argument' : troncation de 'double' à 'const float'
D:\Projects\2D-RPG\src\components\StatisticsComponent.h(35,33): warning C4305: 'initialisation' : troncation de 'double' à 'const float'
D:\Projects\2D-RPG\src\gui\PlayerGUI.cpp(11,53): warning C4244: 'argument' : conversion de 'double' en 'float', perte possible de données
D:\Projects\2D-RPG\src\gui\PlayerGUI.cpp(18,132): warning C4244: 'argument' : conversion de 'double' en 'float', perte possible de données
D:\Projects\2D-RPG\src\gui\PlayerGUI.cpp(18,60): warning C4244: 'argument' : conversion de 'double' en 'float', perte possible de données
D:\Projects\2D-RPG\src\gui\PlayerGUI.cpp(46,23): warning C4244: 'initialisation' : conversion de '__int64' en 'float', perte possible de données
D:\Projects\2D-RPG\src\gui\PlayerGUI.cpp(48,68): warning C4244: 'argument' : conversion de 'double' en 'T', perte possible de données
D:\Projects\2D-RPG\src\gui\PlayerGUI.cpp(48,68): warning C4244:         with
D:\Projects\2D-RPG\src\gui\PlayerGUI.cpp(48,68): warning C4244:         [
D:\Projects\2D-RPG\src\gui\PlayerGUI.cpp(48,68): warning C4244:             T=float
D:\Projects\2D-RPG\src\gui\PlayerGUI.cpp(48,68): warning C4244:         ]
D:\Projects\2D-RPG\src\gui\PlayerGUI.cpp(55,98): warning C4244: 'argument' : conversion de 'double' en 'T', perte possible de données
D:\Projects\2D-RPG\src\gui\PlayerGUI.cpp(55,98): warning C4244:         with
D:\Projects\2D-RPG\src\gui\PlayerGUI.cpp(55,98): warning C4244:         [
D:\Projects\2D-RPG\src\gui\PlayerGUI.cpp(55,98): warning C4244:             T=float
D:\Projects\2D-RPG\src\gui\PlayerGUI.cpp(55,98): warning C4244:         ]
D:\Projects\2D-RPG\src\gui\PlayerGUI.cpp(61,104): warning C4244: 'argument' : conversion de 'double' en 'T', perte possible de données
D:\Projects\2D-RPG\src\gui\PlayerGUI.cpp(61,104): warning C4244:         with
D:\Projects\2D-RPG\src\gui\PlayerGUI.cpp(61,104): warning C4244:         [
D:\Projects\2D-RPG\src\gui\PlayerGUI.cpp(61,104): warning C4244:             T=float
D:\Projects\2D-RPG\src\gui\PlayerGUI.cpp(61,104): warning C4244:         ]
D:\Projects\2D-RPG\src\gui\PlayerGUI.cpp(104,132): warning C4244: 'argument' : conversion de 'double' en 'float', perte possible de données
D:\Projects\2D-RPG\src\gui\PlayerGUI.cpp(104,60): warning C4244: 'argument' : conversion de 'double' en 'float', perte possible de données
D:\Projects\2D-RPG\src\gui\PlayerGUI.cpp(109,154): warning C4244: 'argument' : conversion de 'double' en 'T', perte possible de données
D:\Projects\2D-RPG\src\gui\PlayerGUI.cpp(109,154): warning C4244:         with
D:\Projects\2D-RPG\src\gui\PlayerGUI.cpp(109,154): warning C4244:         [
D:\Projects\2D-RPG\src\gui\PlayerGUI.cpp(109,154): warning C4244:             T=float
D:\Projects\2D-RPG\src\gui\PlayerGUI.cpp(109,154): warning C4244:         ]
D:\Projects\2D-RPG\src\gui\PlayerGUI.cpp(110,120): warning C4244: 'argument' : conversion de 'double' en 'float', perte possible de données
D:\Projects\2D-RPG\src\gui\PlayerGUI.cpp(111,123): warning C4244: 'argument' : conversion de 'double' en 'float', perte possible de données
D:\Projects\2D-RPG\src\gui\PlayerGUI.cpp(137,176): warning C4244: 'argument' : conversion de 'double' en 'T', perte possible de données
D:\Projects\2D-RPG\src\gui\PlayerGUI.cpp(137,176): warning C4244:         with
D:\Projects\2D-RPG\src\gui\PlayerGUI.cpp(137,176): warning C4244:         [
D:\Projects\2D-RPG\src\gui\PlayerGUI.cpp(137,176): warning C4244:             T=float
D:\Projects\2D-RPG\src\gui\PlayerGUI.cpp(137,176): warning C4244:         ]
D:\Projects\2D-RPG\src\gui\PlayerGUI.cpp(137,68): warning C4244: 'argument' : conversion de 'double' en 'T', perte possible de données
D:\Projects\2D-RPG\src\gui\PlayerGUI.cpp(137,68): warning C4244:         with
D:\Projects\2D-RPG\src\gui\PlayerGUI.cpp(137,68): warning C4244:         [
D:\Projects\2D-RPG\src\gui\PlayerGUI.cpp(137,68): warning C4244:             T=float
D:\Projects\2D-RPG\src\gui\PlayerGUI.cpp(137,68): warning C4244:         ]
D:\Projects\2D-RPG\src\gui\PlayerGUI.cpp(147,123): warning C4244: 'argument' : conversion de 'double' en 'float', perte possible de données
D:\Projects\2D-RPG\src\gui\PlayerGUI.cpp(164,87): warning C4244: 'argument' : conversion de 'double' en 'T', perte possible de données
D:\Projects\2D-RPG\src\gui\PlayerGUI.cpp(164,87): warning C4244:         with
D:\Projects\2D-RPG\src\gui\PlayerGUI.cpp(164,87): warning C4244:         [
D:\Projects\2D-RPG\src\gui\PlayerGUI.cpp(164,87): warning C4244:             T=float
D:\Projects\2D-RPG\src\gui\PlayerGUI.cpp(164,87): warning C4244:         ]
D:\Projects\2D-RPG\src\gui\PlayerGUI.cpp(164,58): warning C4244: 'argument' : conversion de 'double' en 'T', perte possible de données
D:\Projects\2D-RPG\src\gui\PlayerGUI.cpp(164,58): warning C4244:         with
D:\Projects\2D-RPG\src\gui\PlayerGUI.cpp(164,58): warning C4244:         [
D:\Projects\2D-RPG\src\gui\PlayerGUI.cpp(164,58): warning C4244:             T=float
D:\Projects\2D-RPG\src\gui\PlayerGUI.cpp(164,58): warning C4244:         ]
D:\Projects\2D-RPG\src\gui\PlayerGUI.cpp(165,154): warning C4244: 'argument' : conversion de 'double' en 'T', perte possible de données
D:\Projects\2D-RPG\src\gui\PlayerGUI.cpp(165,154): warning C4244:         with
D:\Projects\2D-RPG\src\gui\PlayerGUI.cpp(165,154): warning C4244:         [
D:\Projects\2D-RPG\src\gui\PlayerGUI.cpp(165,154): warning C4244:             T=float
D:\Projects\2D-RPG\src\gui\PlayerGUI.cpp(165,154): warning C4244:         ]
  State.cpp
D:\Projects\2D-RPG\src\gui\PlayerGUI.cpp(183,120): warning C4244: 'argument' : conversion de 'double' en 'float', perte possible de données
  StatisticsComponent.cpp
D:\Projects\2D-RPG\src\components\StatisticsComponent.h(35,33): warning C4305: 'initialisation' : troncation de 'double' à 'const float'
D:\Projects\2D-RPG\src\components\StatisticsComponent.h(35,33): warning C4305: 'initialisation' : troncation de 'double' à 'const float'
  TextField.cpp
D:\Projects\2D-RPG\src\components\StatisticsComponent.cpp(22,50): warning C4244: '*=' : conversion de 'const float' en '__int64', perte possible de données
D:\Projects\2D-RPG\src\components\StatisticsComponent.h(35,33): warning C4305: 'initialisation' : troncation de 'double' à 'const float'
D:\Projects\2D-RPG\src\gui\TextField.cpp(30,137): warning C4244: 'argument' : conversion de 'double' en 'T', perte possible de données
D:\Projects\2D-RPG\src\gui\TextField.cpp(30,137): warning C4244:         with
D:\Projects\2D-RPG\src\gui\TextField.cpp(30,137): warning C4244:         [
D:\Projects\2D-RPG\src\gui\TextField.cpp(30,137): warning C4244:             T=float
D:\Projects\2D-RPG\src\gui\TextField.cpp(30,137): warning C4244:         ]
D:\Projects\2D-RPG\src\gui\TextField.cpp(30,96): warning C4244: 'argument' : conversion de 'double' en 'T', perte possible de données
D:\Projects\2D-RPG\src\gui\TextField.cpp(30,96): warning C4244:         with
D:\Projects\2D-RPG\src\gui\TextField.cpp(30,96): warning C4244:         [
D:\Projects\2D-RPG\src\gui\TextField.cpp(30,96): warning C4244:             T=float
D:\Projects\2D-RPG\src\gui\TextField.cpp(30,96): warning C4244:         ]
D:\Projects\2D-RPG\src\gui\TextField.cpp(138,135): warning C4244: 'argument' : conversion de 'double' en 'T', perte possible de données
D:\Projects\2D-RPG\src\gui\TextField.cpp(138,135): warning C4244:         with
D:\Projects\2D-RPG\src\gui\TextField.cpp(138,135): warning C4244:         [
D:\Projects\2D-RPG\src\gui\TextField.cpp(138,135): warning C4244:             T=float
D:\Projects\2D-RPG\src\gui\TextField.cpp(138,135): warning C4244:         ]
  TransitionComponent.cpp
D:\Projects\2D-RPG\src\gui\TextField.cpp(138,88): warning C4244: 'argument' : conversion de 'double' en 'T', perte possible de données
D:\Projects\2D-RPG\src\gui\TextField.cpp(138,88): warning C4244:         with
D:\Projects\2D-RPG\src\gui\TextField.cpp(138,88): warning C4244:         [
D:\Projects\2D-RPG\src\gui\TextField.cpp(138,88): warning C4244:             T=float
D:\Projects\2D-RPG\src\gui\TextField.cpp(138,88): warning C4244:         ]
D:\Projects\2D-RPG\src\components\TransitionComponent.cpp(16,45): warning C4244: 'argument' : conversion de 'unsigned int' en 'T', perte possible de données
D:\Projects\2D-RPG\src\components\TransitionComponent.cpp(16,45): warning C4244:         with
D:\Projects\2D-RPG\src\components\TransitionComponent.cpp(16,45): warning C4244:         [
D:\Projects\2D-RPG\src\components\TransitionComponent.cpp(16,45): warning C4244:             T=float
D:\Projects\2D-RPG\src\components\TransitionComponent.cpp(16,45): warning C4244:         ]
D:\Projects\2D-RPG\src\components\TransitionComponent.cpp(16,38): warning C4244: 'argument' : conversion de 'unsigned int' en 'T', perte possible de données
D:\Projects\2D-RPG\src\components\TransitionComponent.cpp(16,38): warning C4244:         with
D:\Projects\2D-RPG\src\components\TransitionComponent.cpp(16,38): warning C4244:         [
D:\Projects\2D-RPG\src\components\TransitionComponent.cpp(16,38): warning C4244:             T=float
D:\Projects\2D-RPG\src\components\TransitionComponent.cpp(16,38): warning C4244:         ]
D:\Projects\2D-RPG\src\components\TransitionComponent.cpp(27,50): warning C4244: 'argument' : conversion de 'T' en 'T', perte possible de données
D:\Projects\2D-RPG\src\components\TransitionComponent.cpp(27,50): warning C4244:         with
D:\Projects\2D-RPG\src\components\TransitionComponent.cpp(27,50): warning C4244:         [
D:\Projects\2D-RPG\src\components\TransitionComponent.cpp(27,50): warning C4244:             T=unsigned int
D:\Projects\2D-RPG\src\components\TransitionComponent.cpp(27,50): warning C4244:         ]
D:\Projects\2D-RPG\src\components\TransitionComponent.cpp(27,50): warning C4244:         and
D:\Projects\2D-RPG\src\components\TransitionComponent.cpp(27,50): warning C4244:         [
D:\Projects\2D-RPG\src\components\TransitionComponent.cpp(27,50): warning C4244:             T=float
D:\Projects\2D-RPG\src\components\TransitionComponent.cpp(27,50): warning C4244:         ]
  Utility.cpp
D:\Projects\2D-RPG\src\components\TransitionComponent.cpp(27,42): warning C4244: 'argument' : conversion de 'T' en 'T', perte possible de données
D:\Projects\2D-RPG\src\components\TransitionComponent.cpp(27,42): warning C4244:         with
D:\Projects\2D-RPG\src\components\TransitionComponent.cpp(27,42): warning C4244:         [
D:\Projects\2D-RPG\src\components\TransitionComponent.cpp(27,42): warning C4244:             T=unsigned int
D:\Projects\2D-RPG\src\components\TransitionComponent.cpp(27,42): warning C4244:         ]
D:\Projects\2D-RPG\src\components\TransitionComponent.cpp(27,42): warning C4244:         and
D:\Projects\2D-RPG\src\components\TransitionComponent.cpp(27,42): warning C4244:         [
D:\Projects\2D-RPG\src\components\TransitionComponent.cpp(27,42): warning C4244:             T=float
D:\Projects\2D-RPG\src\components\TransitionComponent.cpp(27,42): warning C4244:         ]
  Weapon.cpp
D:\Projects\2D-RPG\src\components\StatisticsComponent.h(35,33): warning C4305: 'initialisation' : troncation de 'double' à 'const float'
  Génération de code en cours
  Previous IPDB not found, fall back to full compilation.
D:\Projects\2D-RPG\src\components\StatisticsComponent.h(75): warning C4172: retourne l'adresse d'une variable locale ou  temporaire
D:\Projects\2D-RPG\src\components\StatisticsComponent.h(77): warning C4172: retourne l'adresse d'une variable locale ou  temporaire
D:\Projects\2D-RPG\src\entities\Entity.cpp(99): warning C4715: 'Entity::GetAnimation' : les chemins de contrôle ne retournent pas tous une valeur
D:\Projects\2D-RPG\src\entities\Entity.cpp(93): warning C4715: 'Entity::GetMovement' : les chemins de contrôle ne retournent pas tous une valeur
D:\Projects\2D-RPG\src\states\GameState.cpp(28): warning C4715: 'StringToSide' : les chemins de contrôle ne retournent pas tous une valeur
D:\Projects\2D-RPG\src\core\Map.cpp(57): warning C4715: 'Map::GetStartingPosition' : les chemins de contrôle ne retournent pas tous une valeur
  All 2051 functions were compiled because no usable IPDB/IOBJ from previous compilation was found.
  Fin de la génération du code
  2D_RPG.vcxproj -> D:\Projects\2D-RPG\Launcher_x64.exe
