d:\projects\2d-rpg\bin\obj\x64\launcher_x64.pch
d:\projects\2d-rpg\bin\obj\x64\vc142.pdb
d:\projects\2d-rpg\bin\obj\x64\vc142.idb
d:\projects\2d-rpg\bin\obj\x64\stdafx.obj
d:\projects\2d-rpg\bin\obj\x64\menustate.obj
d:\projects\2d-rpg\bin\obj\x64\menugui.obj
d:\projects\2d-rpg\bin\obj\x64\map.obj
d:\projects\2d-rpg\bin\obj\x64\main.obj
d:\projects\2d-rpg\bin\obj\x64\item.obj
d:\projects\2d-rpg\bin\obj\x64\inventorygui.obj
d:\projects\2d-rpg\bin\obj\x64\inventory.obj
d:\projects\2d-rpg\bin\obj\x64\hitboxcomponent.obj
d:\projects\2d-rpg\bin\obj\x64\gui.obj
d:\projects\2d-rpg\bin\obj\x64\gamestate.obj
d:\projects\2d-rpg\bin\obj\x64\game.obj
d:\projects\2d-rpg\bin\obj\x64\entity.obj
d:\projects\2d-rpg\bin\obj\x64\editorstate.obj
d:\projects\2d-rpg\bin\obj\x64\editorgui.obj
d:\projects\2d-rpg\bin\obj\x64\commandcomponent.obj
d:\projects\2d-rpg\bin\obj\x64\chatboxgui.obj
d:\projects\2d-rpg\bin\obj\x64\character.obj
d:\projects\2d-rpg\bin\obj\x64\button.obj
d:\projects\2d-rpg\bin\obj\x64\armor.obj
d:\projects\2d-rpg\bin\obj\x64\animationcomponent.obj
d:\projects\2d-rpg\bin\obj\x64\weapon.obj
d:\projects\2d-rpg\bin\obj\x64\utility.obj
d:\projects\2d-rpg\bin\obj\x64\transitioncomponent.obj
d:\projects\2d-rpg\bin\obj\x64\textfield.obj
d:\projects\2d-rpg\bin\obj\x64\statisticscomponent.obj
d:\projects\2d-rpg\bin\obj\x64\state.obj
d:\projects\2d-rpg\bin\obj\x64\playergui.obj
d:\projects\2d-rpg\bin\obj\x64\player.obj
d:\projects\2d-rpg\bin\obj\x64\musiccomponent.obj
d:\projects\2d-rpg\bin\obj\x64\movementcomponent.obj
d:\projects\2d-rpg\bin\obj\x64\minimapgui.obj
d:\projects\2d-rpg\launcher_x64.ilk
d:\projects\2d-rpg\launcher_x64.exe
d:\projects\2d-rpg\launcher_x64.pdb
d:\projects\2d-rpg\bin\obj\x64\2d_rpg.tlog\cl.command.1.tlog
d:\projects\2d-rpg\bin\obj\x64\2d_rpg.tlog\cl.read.1.tlog
d:\projects\2d-rpg\bin\obj\x64\2d_rpg.tlog\cl.write.1.tlog
d:\projects\2d-rpg\bin\obj\x64\2d_rpg.tlog\link.command.1.tlog
d:\projects\2d-rpg\bin\obj\x64\2d_rpg.tlog\link.read.1.tlog
d:\projects\2d-rpg\bin\obj\x64\2d_rpg.tlog\link.write.1.tlog
